0 info it worked if it ends with ok
1 verbose cli [ 'D:\\node\\node.exe',
1 verbose cli   'D:\\node\\node_modules\\npm\\bin\\npm-cli.js',
1 verbose cli   'install',
1 verbose cli   'echarts',
1 verbose cli   '--save' ]
2 info using npm@3.10.3
3 info using node@v6.6.0
4 silly loadCurrentTree Starting
5 silly install loadCurrentTree
6 silly install readLocalPackageData
7 silly fetchPackageMetaData echarts
8 silly fetchNamedPackageData echarts
9 silly mapToRegistry name echarts
10 silly mapToRegistry using default registry
11 silly mapToRegistry registry https://registry.npmjs.org/
12 silly mapToRegistry data Result {
12 silly mapToRegistry   raw: 'echarts',
12 silly mapToRegistry   scope: null,
12 silly mapToRegistry   escapedName: 'echarts',
12 silly mapToRegistry   name: 'echarts',
12 silly mapToRegistry   rawSpec: '',
12 silly mapToRegistry   spec: 'latest',
12 silly mapToRegistry   type: 'tag' }
13 silly mapToRegistry uri https://registry.npmjs.org/echarts
14 verbose request uri https://registry.npmjs.org/echarts
15 verbose request no auth needed
16 info attempt registry request try #1 at 18:29:58
17 verbose request id 950e49ede94d0821
18 verbose etag W/"5836a55d-af2e"
19 verbose lastModified Thu, 24 Nov 2016 08:31:25 GMT
20 http request GET https://registry.npmjs.org/echarts
21 http 304 https://registry.npmjs.org/echarts
22 verbose headers { date: 'Thu, 15 Dec 2016 10:29:57 GMT',
22 verbose headers   via: '1.1 varnish',
22 verbose headers   'cache-control': 'max-age=300',
22 verbose headers   etag: 'W/"5836a55d-af2e"',
22 verbose headers   age: '0',
22 verbose headers   connection: 'keep-alive',
22 verbose headers   'x-served-by': 'cache-hkg6824-HKG',
22 verbose headers   'x-cache': 'MISS',
22 verbose headers   'x-cache-hits': '0',
22 verbose headers   'x-timer': 'S1481797797.259210,VS0,VE724',
22 verbose headers   vary: 'Accept-Encoding' }
23 silly get cb [ 304,
23 silly get   { date: 'Thu, 15 Dec 2016 10:29:57 GMT',
23 silly get     via: '1.1 varnish',
23 silly get     'cache-control': 'max-age=300',
23 silly get     etag: 'W/"5836a55d-af2e"',
23 silly get     age: '0',
23 silly get     connection: 'keep-alive',
23 silly get     'x-served-by': 'cache-hkg6824-HKG',
23 silly get     'x-cache': 'MISS',
23 silly get     'x-cache-hits': '0',
23 silly get     'x-timer': 'S1481797797.259210,VS0,VE724',
23 silly get     vary: 'Accept-Encoding' } ]
24 verbose etag https://registry.npmjs.org/echarts from cache
25 verbose get saving echarts to C:\Users\LiuPeng\AppData\Roaming\npm-cache\registry.npmjs.org\echarts\.cache.json
26 verbose correctMkdir C:\Users\LiuPeng\AppData\Roaming\npm-cache correctMkdir not in flight; initializing
27 silly install normalizeTree
28 silly loadCurrentTree Finishing
29 silly loadIdealTree Starting
30 silly install loadIdealTree
31 silly cloneCurrentTree Starting
32 silly install cloneCurrentTreeToIdealTree
33 silly cloneCurrentTree Finishing
34 silly loadShrinkwrap Starting
35 silly install loadShrinkwrap
36 silly loadShrinkwrap Finishing
37 silly loadAllDepsIntoIdealTree Starting
38 silly install loadAllDepsIntoIdealTree
39 silly resolveWithNewModule echarts@3.3.2 checking installable status
40 silly cache add args [ 'echarts', null ]
41 verbose cache add spec echarts
42 silly cache add parsed spec Result {
42 silly cache add   raw: 'echarts',
42 silly cache add   scope: null,
42 silly cache add   escapedName: 'echarts',
42 silly cache add   name: 'echarts',
42 silly cache add   rawSpec: '',
42 silly cache add   spec: 'latest',
42 silly cache add   type: 'tag' }
43 silly addNamed echarts@latest
44 verbose addNamed "latest" is being treated as a dist-tag for echarts
45 info addNameTag [ 'echarts', 'latest' ]
46 silly mapToRegistry name echarts
47 silly mapToRegistry using default registry
48 silly mapToRegistry registry https://registry.npmjs.org/
49 silly mapToRegistry data Result {
49 silly mapToRegistry   raw: 'echarts',
49 silly mapToRegistry   scope: null,
49 silly mapToRegistry   escapedName: 'echarts',
49 silly mapToRegistry   name: 'echarts',
49 silly mapToRegistry   rawSpec: '',
49 silly mapToRegistry   spec: 'latest',
49 silly mapToRegistry   type: 'tag' }
50 silly mapToRegistry uri https://registry.npmjs.org/echarts
51 verbose addNameTag registry:https://registry.npmjs.org/echarts not in flight; fetching
52 verbose get https://registry.npmjs.org/echarts not expired, no request
53 silly addNameTag next cb for echarts with tag latest
54 silly addNamed echarts@3.3.2
55 verbose addNamed "3.3.2" is a plain semver version for echarts
56 silly mapToRegistry name echarts
57 silly mapToRegistry using default registry
58 silly mapToRegistry registry https://registry.npmjs.org/
59 silly mapToRegistry data Result {
59 silly mapToRegistry   raw: 'echarts',
59 silly mapToRegistry   scope: null,
59 silly mapToRegistry   escapedName: 'echarts',
59 silly mapToRegistry   name: 'echarts',
59 silly mapToRegistry   rawSpec: '',
59 silly mapToRegistry   spec: 'latest',
59 silly mapToRegistry   type: 'tag' }
60 silly mapToRegistry uri https://registry.npmjs.org/echarts
61 verbose addRemoteTarball https://registry.npmjs.org/echarts/-/echarts-3.3.2.tgz not in flight; adding
62 verbose addRemoteTarball [ 'https://registry.npmjs.org/echarts/-/echarts-3.3.2.tgz',
62 verbose addRemoteTarball   '06f42a47d213248d45fe585719ec8940fdc610aa' ]
63 info retry fetch attempt 1 at 18:30:00
64 info attempt registry request try #1 at 18:30:00
65 http fetch GET https://registry.npmjs.org/echarts/-/echarts-3.3.2.tgz
66 http fetch 200 https://registry.npmjs.org/echarts/-/echarts-3.3.2.tgz
67 info retry will retry, error on last attempt: Error: read ECONNRESET
68 info retry will retry, error on last attempt: Error: read ECONNRESET
69 silly fetchAndShaCheck shasum 06f42a47d213248d45fe585719ec8940fdc610aa
70 silly rollbackFailedOptional Starting
71 silly rollbackFailedOptional Finishing
72 silly runTopLevelLifecycles Starting
73 silly runTopLevelLifecycles Finishing
74 silly install printInstalled
75 verbose stack Error: shasum check failed for C:\Users\LiuPeng\AppData\Local\Temp\npm-9652-127e6637\registry.npmjs.org\echarts\-\echarts-3.3.2.tgz
75 verbose stack Expected: 06f42a47d213248d45fe585719ec8940fdc610aa
75 verbose stack Actual:   9c3842e1460c822ef47b65154d0d25e00868489e
75 verbose stack From:     https://registry.npmjs.org/echarts/-/echarts-3.3.2.tgz
75 verbose stack     at D:\node\node_modules\npm\node_modules\sha\index.js:25:8
75 verbose stack     at ReadStream.<anonymous> (D:\node\node_modules\npm\node_modules\sha\index.js:72:7)
75 verbose stack     at emitNone (events.js:91:20)
75 verbose stack     at ReadStream.emit (events.js:185:7)
75 verbose stack     at endReadableNT (_stream_readable.js:974:12)
75 verbose stack     at _combinedTickCallback (internal/process/next_tick.js:74:11)
75 verbose stack     at process._tickCallback (internal/process/next_tick.js:98:9)
76 verbose cwd D:\项目经历\Echart\demo1
77 error Windows_NT 6.1.7601
78 error argv "D:\\node\\node.exe" "D:\\node\\node_modules\\npm\\bin\\npm-cli.js" "install" "echarts" "--save"
79 error node v6.6.0
80 error npm  v3.10.3
81 error shasum check failed for C:\Users\LiuPeng\AppData\Local\Temp\npm-9652-127e6637\registry.npmjs.org\echarts\-\echarts-3.3.2.tgz
81 error Expected: 06f42a47d213248d45fe585719ec8940fdc610aa
81 error Actual:   9c3842e1460c822ef47b65154d0d25e00868489e
81 error From:     https://registry.npmjs.org/echarts/-/echarts-3.3.2.tgz
82 error If you need help, you may report this error at:
82 error     <https://github.com/npm/npm/issues>
83 verbose exit [ 1, true ]
